<?xml version="1.0" encoding="UTF-8"?>
<testsuite name="Academy Choucair" tests="1" skipped="0" failures="0" errors="0" timestamp="2022-10-05T05:17:54" hostname="DESKTOP-968S615" time="25.133">
  <properties/>
  <testcase name="Search for a automation course" classname="Academy Choucair" time="25.133"/>
  <system-out><![CDATA[aca estoy
]]></system-out>
  <system-err><![CDATA[[Test worker] WARN net.thucydides.core.steps.BaseStepListener - stepStarted: net.thucydides.core.steps.ExecutedStepDescription@35fe2125
[Test worker] WARN net.thucydides.core.steps.BaseStepListener - stepStarted: net.thucydides.core.steps.ExecutedStepDescription@1dc2de84
[Test worker] WARN net.thucydides.core.steps.BaseStepListener - stepStarted: net.thucydides.core.steps.ExecutedStepDescription@35636217
oct 05, 2022 12:17:55 AM org.openqa.selenium.remote.DesiredCapabilities chrome
INFORMACIÓN: Using `new ChromeOptions()` is preferred to `DesiredCapabilities.chrome()`
[Test worker] INFO net.serenitybdd.core.webdriver.driverproviders.ProvideNewDriver - Instantiating driver
[Test worker] INFO net.serenitybdd.core.webdriver.driverproviders.ProvideNewDriver - Driver capabilities: Capabilities {acceptInsecureCerts: false, browserName: chrome, chrome.switches: --start-maximized, goog:chromeOptions: {args: [--start-maximized], extensions: []}, loggingPrefs: org.openqa.selenium.logging..., platform: ANY, version: }
Starting ChromeDriver 105.0.5195.52 (412c95e518836d8a7d97250d62b29c2ae6a26a85-refs/branch-heads/5195@{#853}) on port 15108
Only local connections are allowed.
Please see https://chromedriver.chromium.org/security-considerations for suggestions on keeping ChromeDriver safe.
ChromeDriver was started successfully.
oct 05, 2022 12:18:00 AM org.openqa.selenium.remote.ProtocolHandshake createSession
INFORMACIÓN: Detected dialect: W3C
[Test worker] WARN net.thucydides.core.steps.BaseStepListener - stepFinished: current outcome:Search for a automation course:Given than brandon wants to learn automation at the academy Choucair [Brandon open up [brandon opens the Choucair academy page]]
[Test worker] WARN net.thucydides.core.steps.BaseStepListener - stepFinished: current outcome:Search for a automation course:Given than brandon wants to learn automation at the academy Choucair [Brandon open up [brandon opens the Choucair academy page]]
[Test worker] WARN net.thucydides.core.steps.BaseStepListener - stepStarted: net.thucydides.core.steps.ExecutedStepDescription@c889805
[Test worker] WARN net.thucydides.core.steps.BaseStepListener - stepStarted: net.thucydides.core.steps.ExecutedStepDescription@5e5beb8a
[Test worker] WARN net.thucydides.core.steps.BaseStepListener - stepFinished: current outcome:Search for a automation course:Given than brandon wants to learn automation at the academy Choucair [Brandon open up [brandon opens the Choucair academy page], Brandon login [brandon clicks on button that shows us the form to login]]
[Test worker] WARN net.thucydides.core.steps.BaseStepListener - stepStarted: net.thucydides.core.steps.ExecutedStepDescription@106b014e
[Test worker] WARN net.thucydides.core.steps.BaseStepListener - stepFinished: current outcome:Search for a automation course:Given than brandon wants to learn automation at the academy Choucair [Brandon open up [brandon opens the Choucair academy page], Brandon login [brandon clicks on button that shows us the form to login, brandon enters '1004809627' into where do we write the use]]
[Test worker] WARN net.thucydides.core.steps.BaseStepListener - stepStarted: net.thucydides.core.steps.ExecutedStepDescription@423a0e1d
[Test worker] WARN net.thucydides.core.steps.BaseStepListener - stepFinished: current outcome:Search for a automation course:Given than brandon wants to learn automation at the academy Choucair [Brandon open up [brandon opens the Choucair academy page], Brandon login [brandon clicks on button that shows us the form to login, brandon enters '1004809627' into where do we write the use, brandon enters 'Choucair2022*' into where do write the password]]
[Test worker] WARN net.thucydides.core.steps.BaseStepListener - stepStarted: net.thucydides.core.steps.ExecutedStepDescription@19c1820d
[Test worker] WARN net.thucydides.core.steps.BaseStepListener - stepFinished: current outcome:Search for a automation course:Given than brandon wants to learn automation at the academy Choucair [Brandon open up [brandon opens the Choucair academy page], Brandon login [brandon clicks on button that shows us the form to login, brandon enters '1004809627' into where do we write the use, brandon enters 'Choucair2022*' into where do write the password, brandon clicks on button to confirm login]]
[Test worker] WARN net.thucydides.core.steps.BaseStepListener - stepFinished: current outcome:Search for a automation course:Given than brandon wants to learn automation at the academy Choucair [Brandon open up [brandon opens the Choucair academy page], Brandon login [brandon clicks on button that shows us the form to login, brandon enters '1004809627' into where do we write the use, brandon enters 'Choucair2022*' into where do write the password, brandon clicks on button to confirm login]]
[Test worker] WARN net.thucydides.core.steps.BaseStepListener - stepFinished: current outcome:Search for a automation course:Given than brandon wants to learn automation at the academy Choucair [Brandon open up [brandon opens the Choucair academy page], Brandon login [brandon clicks on button that shows us the form to login, brandon enters '1004809627' into where do we write the use, brandon enters 'Choucair2022*' into where do write the password, brandon clicks on button to confirm login]]
[Test worker] WARN net.thucydides.core.steps.BaseStepListener - stepStarted: net.thucydides.core.steps.ExecutedStepDescription@1903b5d
[Test worker] WARN net.thucydides.core.steps.BaseStepListener - stepStarted: net.thucydides.core.steps.ExecutedStepDescription@1fd7a37
[Test worker] WARN net.thucydides.core.steps.BaseStepListener - stepStarted: net.thucydides.core.steps.ExecutedStepDescription@61bb1e4d
[Test worker] WARN net.thucydides.core.steps.BaseStepListener - stepFinished: current outcome:Search for a automation course:Given than brandon wants to learn automation at the academy Choucair [Brandon open up [brandon opens the Choucair academy page], Brandon login [brandon clicks on button that shows us the form to login, brandon enters '1004809627' into where do we write the use, brandon enters 'Choucair2022*' into where do write the password, brandon clicks on button to confirm login]], When he search for the course Recursos Automatizacion Bancolombia on the choucair academy platform [Brandon search [brandon clicks on access button courses and certifications]]
[Test worker] WARN net.thucydides.core.steps.BaseStepListener - stepStarted: net.thucydides.core.steps.ExecutedStepDescription@12f279b5
[Test worker] WARN net.thucydides.core.steps.BaseStepListener - stepFinished: current outcome:Search for a automation course:Given than brandon wants to learn automation at the academy Choucair [Brandon open up [brandon opens the Choucair academy page], Brandon login [brandon clicks on button that shows us the form to login, brandon enters '1004809627' into where do we write the use, brandon enters 'Choucair2022*' into where do write the password, brandon clicks on button to confirm login]], When he search for the course Recursos Automatizacion Bancolombia on the choucair academy platform [Brandon search [brandon clicks on access button courses and certifications, brandon enters 'EXAMEN JAVA - Cursos y Certificaciones' into Input search course]]
[Test worker] WARN net.thucydides.core.steps.BaseStepListener - stepStarted: net.thucydides.core.steps.ExecutedStepDescription@4391a2d8
[Test worker] WARN net.thucydides.core.steps.BaseStepListener - stepFinished: current outcome:Search for a automation course:Given than brandon wants to learn automation at the academy Choucair [Brandon open up [brandon opens the Choucair academy page], Brandon login [brandon clicks on button that shows us the form to login, brandon enters '1004809627' into where do we write the use, brandon enters 'Choucair2022*' into where do write the password, brandon clicks on button to confirm login]], When he search for the course Recursos Automatizacion Bancolombia on the choucair academy platform [Brandon search [brandon clicks on access button courses and certifications, brandon enters 'EXAMEN JAVA - Cursos y Certificaciones' into Input search course, brandon clicks on Button search]]
[Test worker] WARN net.thucydides.core.steps.BaseStepListener - stepStarted: net.thucydides.core.steps.ExecutedStepDescription@157d3a45
[Test worker] WARN net.thucydides.core.steps.BaseStepListener - stepFinished: current outcome:Search for a automation course:Given than brandon wants to learn automation at the academy Choucair [Brandon open up [brandon opens the Choucair academy page], Brandon login [brandon clicks on button that shows us the form to login, brandon enters '1004809627' into where do we write the use, brandon enters 'Choucair2022*' into where do write the password, brandon clicks on button to confirm login]], When he search for the course Recursos Automatizacion Bancolombia on the choucair academy platform [Brandon search [brandon clicks on access button courses and certifications, brandon enters 'EXAMEN JAVA - Cursos y Certificaciones' into Input search course, brandon clicks on Button search, brandon clicks on Course JAVA]]
[Test worker] WARN net.thucydides.core.steps.BaseStepListener - stepFinished: current outcome:Search for a automation course:Given than brandon wants to learn automation at the academy Choucair [Brandon open up [brandon opens the Choucair academy page], Brandon login [brandon clicks on button that shows us the form to login, brandon enters '1004809627' into where do we write the use, brandon enters 'Choucair2022*' into where do write the password, brandon clicks on button to confirm login]], When he search for the course Recursos Automatizacion Bancolombia on the choucair academy platform [Brandon search [brandon clicks on access button courses and certifications, brandon enters 'EXAMEN JAVA - Cursos y Certificaciones' into Input search course, brandon clicks on Button search, brandon clicks on Course JAVA]]
[Test worker] WARN net.thucydides.core.steps.BaseStepListener - stepFinished: current outcome:Search for a automation course:Given than brandon wants to learn automation at the academy Choucair [Brandon open up [brandon opens the Choucair academy page], Brandon login [brandon clicks on button that shows us the form to login, brandon enters '1004809627' into where do we write the use, brandon enters 'Choucair2022*' into where do write the password, brandon clicks on button to confirm login]], When he search for the course Recursos Automatizacion Bancolombia on the choucair academy platform [Brandon search [brandon clicks on access button courses and certifications, brandon enters 'EXAMEN JAVA - Cursos y Certificaciones' into Input search course, brandon clicks on Button search, brandon clicks on Course JAVA]]
[Test worker] WARN net.thucydides.core.steps.BaseStepListener - stepStarted: net.thucydides.core.steps.ExecutedStepDescription@5403799b
[Test worker] WARN net.thucydides.core.steps.BaseStepListener - stepFinished: current outcome:Search for a automation course:Given than brandon wants to learn automation at the academy Choucair [Brandon open up [brandon opens the Choucair academy page], Brandon login [brandon clicks on button that shows us the form to login, brandon enters '1004809627' into where do we write the use, brandon enters 'Choucair2022*' into where do write the password, brandon clicks on button to confirm login]], When he search for the course Recursos Automatizacion Bancolombia on the choucair academy platform [Brandon search [brandon clicks on access button courses and certifications, brandon enters 'EXAMEN JAVA - Cursos y Certificaciones' into Input search course, brandon clicks on Button search, brandon clicks on Course JAVA]], Then he finds the course called resources Recursos Automatizacion Bancolombia
[Test worker] WARN net.thucydides.core.steps.BaseStepListener - testFinished: Search for a automation course:Given than brandon wants to learn automation at the academy Choucair [Brandon open up [brandon opens the Choucair academy page], Brandon login [brandon clicks on button that shows us the form to login, brandon enters '1004809627' into where do we write the use, brandon enters 'Choucair2022*' into where do write the password, brandon clicks on button to confirm login]], When he search for the course Recursos Automatizacion Bancolombia on the choucair academy platform [Brandon search [brandon clicks on access button courses and certifications, brandon enters 'EXAMEN JAVA - Cursos y Certificaciones' into Input search course, brandon clicks on Button search, brandon clicks on Course JAVA]], Then he finds the course called resources Recursos Automatizacion Bancolombia
[Test worker] WARN net.thucydides.core.steps.BaseStepListener - TestOutcomes: [Search for a automation course:Given than brandon wants to learn automation at the academy Choucair [Brandon open up [brandon opens the Choucair academy page], Brandon login [brandon clicks on button that shows us the form to login, brandon enters '1004809627' into where do we write the use, brandon enters 'Choucair2022*' into where do write the password, brandon clicks on button to confirm login]], When he search for the course Recursos Automatizacion Bancolombia on the choucair academy platform [Brandon search [brandon clicks on access button courses and certifications, brandon enters 'EXAMEN JAVA - Cursos y Certificaciones' into Input search course, brandon clicks on Button search, brandon clicks on Course JAVA]], Then he finds the course called resources Recursos Automatizacion Bancolombia]
[Test worker] WARN net.thucydides.core.steps.BaseStepListener - Final testOutcomes: [Search for a automation course:Given than brandon wants to learn automation at the academy Choucair [Brandon open up [brandon opens the Choucair academy page], Brandon login [brandon clicks on button that shows us the form to login, brandon enters '1004809627' into where do we write the use, brandon enters 'Choucair2022*' into where do write the password, brandon clicks on button to confirm login]], When he search for the course Recursos Automatizacion Bancolombia on the choucair academy platform [Brandon search [brandon clicks on access button courses and certifications, brandon enters 'EXAMEN JAVA - Cursos y Certificaciones' into Input search course, brandon clicks on Button search, brandon clicks on Course JAVA]], Then he finds the course called resources Recursos Automatizacion Bancolombia]
[Test worker] INFO net.thucydides.core.steps.ConsoleLoggingListener - 
        __    _____ _____ ____ _____   ____   _    ____  ____  _____ ____  
  _     \ \  |_   _| ____/ ___|_   _| |  _ \ / \  / ___|/ ___|| ____|  _ \ 
 (_)_____| |   | | |  _| \___ \ | |   | |_) / _ \ \___ \\___ \|  _| | | | |
  _|_____| |   | | | |___ ___) || |   |  __/ ___ \ ___) |___) | |___| |_| |
 (_)     | |   |_| |_____|____/ |_|   |_| /_/   \_\____/|____/|_____|____/ 
        /_/                                                                

TEST PASSED: Search for a automation course
----------------------------------------------------------------------------
]]></system-err>
</testsuite>
