<?xml version="1.0" encoding="UTF-8"?>
<testsuite name="Academy Choucair" tests="1" skipped="0" failures="0" errors="0" timestamp="2022-10-05T06:05:35" hostname="DESKTOP-968S615" time="27.669">
  <properties/>
  <testcase name="Search for a automation course" classname="Academy Choucair" time="27.669"/>
  <system-out><![CDATA[aca estoy
]]></system-out>
  <system-err><![CDATA[[Test worker] WARN net.thucydides.core.steps.BaseStepListener - stepStarted: net.thucydides.core.steps.ExecutedStepDescription@34645867
[Test worker] WARN net.thucydides.core.steps.BaseStepListener - stepStarted: net.thucydides.core.steps.ExecutedStepDescription@58d63b16
[Test worker] WARN net.thucydides.core.steps.BaseStepListener - stepStarted: net.thucydides.core.steps.ExecutedStepDescription@3e4f80cb
oct 05, 2022 1:05:36 AM org.openqa.selenium.remote.DesiredCapabilities chrome
INFORMACIÓN: Using `new ChromeOptions()` is preferred to `DesiredCapabilities.chrome()`
[Test worker] INFO net.serenitybdd.core.webdriver.driverproviders.ProvideNewDriver - Instantiating driver
[Test worker] INFO net.serenitybdd.core.webdriver.driverproviders.ProvideNewDriver - Driver capabilities: Capabilities {acceptInsecureCerts: false, browserName: chrome, chrome.switches: --start-maximized, goog:chromeOptions: {args: [--start-maximized], extensions: []}, loggingPrefs: org.openqa.selenium.logging..., platform: ANY, version: }
Starting ChromeDriver 105.0.5195.52 (412c95e518836d8a7d97250d62b29c2ae6a26a85-refs/branch-heads/5195@{#853}) on port 6213
Only local connections are allowed.
Please see https://chromedriver.chromium.org/security-considerations for suggestions on keeping ChromeDriver safe.
ChromeDriver was started successfully.
oct 05, 2022 1:05:40 AM org.openqa.selenium.remote.ProtocolHandshake createSession
INFORMACIÓN: Detected dialect: W3C
[Test worker] WARN net.thucydides.core.steps.BaseStepListener - stepFinished: current outcome:Search for a automation course:Given than brandon wants to learn automation at the academy Choucair [Brandon open up [brandon opens the Choucair academy page]]
[Test worker] WARN net.thucydides.core.steps.BaseStepListener - stepFinished: current outcome:Search for a automation course:Given than brandon wants to learn automation at the academy Choucair [Brandon open up [brandon opens the Choucair academy page]]
[Test worker] WARN net.thucydides.core.steps.BaseStepListener - stepStarted: net.thucydides.core.steps.ExecutedStepDescription@7e91ed74
[Test worker] WARN net.thucydides.core.steps.BaseStepListener - stepStarted: net.thucydides.core.steps.ExecutedStepDescription@54a2d96e
[Test worker] WARN net.thucydides.core.steps.BaseStepListener - stepFinished: current outcome:Search for a automation course:Given than brandon wants to learn automation at the academy Choucair [Brandon open up [brandon opens the Choucair academy page], Brandon login [brandon clicks on button that shows us the form to login]]
[Test worker] WARN net.thucydides.core.steps.BaseStepListener - stepStarted: net.thucydides.core.steps.ExecutedStepDescription@3b98b809
[Test worker] WARN net.thucydides.core.steps.BaseStepListener - stepFinished: current outcome:Search for a automation course:Given than brandon wants to learn automation at the academy Choucair [Brandon open up [brandon opens the Choucair academy page], Brandon login [brandon clicks on button that shows us the form to login, brandon enters '1004809627' into where do we write the use]]
[Test worker] WARN net.thucydides.core.steps.BaseStepListener - stepStarted: net.thucydides.core.steps.ExecutedStepDescription@7e15f4d4
[Test worker] WARN net.thucydides.core.steps.BaseStepListener - stepFinished: current outcome:Search for a automation course:Given than brandon wants to learn automation at the academy Choucair [Brandon open up [brandon opens the Choucair academy page], Brandon login [brandon clicks on button that shows us the form to login, brandon enters '1004809627' into where do we write the use, brandon enters 'Choucair2022*' into where do write the password]]
[Test worker] WARN net.thucydides.core.steps.BaseStepListener - stepStarted: net.thucydides.core.steps.ExecutedStepDescription@1f87607c
[Test worker] WARN net.thucydides.core.steps.BaseStepListener - stepFinished: current outcome:Search for a automation course:Given than brandon wants to learn automation at the academy Choucair [Brandon open up [brandon opens the Choucair academy page], Brandon login [brandon clicks on button that shows us the form to login, brandon enters '1004809627' into where do we write the use, brandon enters 'Choucair2022*' into where do write the password, brandon clicks on button to confirm login]]
[Test worker] WARN net.thucydides.core.steps.BaseStepListener - stepFinished: current outcome:Search for a automation course:Given than brandon wants to learn automation at the academy Choucair [Brandon open up [brandon opens the Choucair academy page], Brandon login [brandon clicks on button that shows us the form to login, brandon enters '1004809627' into where do we write the use, brandon enters 'Choucair2022*' into where do write the password, brandon clicks on button to confirm login]]
[Test worker] WARN net.thucydides.core.steps.BaseStepListener - stepFinished: current outcome:Search for a automation course:Given than brandon wants to learn automation at the academy Choucair [Brandon open up [brandon opens the Choucair academy page], Brandon login [brandon clicks on button that shows us the form to login, brandon enters '1004809627' into where do we write the use, brandon enters 'Choucair2022*' into where do write the password, brandon clicks on button to confirm login]]
[Test worker] WARN net.thucydides.core.steps.BaseStepListener - stepStarted: net.thucydides.core.steps.ExecutedStepDescription@6a32191e
[Test worker] WARN net.thucydides.core.steps.BaseStepListener - stepStarted: net.thucydides.core.steps.ExecutedStepDescription@72543547
[Test worker] WARN net.thucydides.core.steps.BaseStepListener - stepStarted: net.thucydides.core.steps.ExecutedStepDescription@6f347d7
[Test worker] WARN net.thucydides.core.steps.BaseStepListener - stepFinished: current outcome:Search for a automation course:Given than brandon wants to learn automation at the academy Choucair [Brandon open up [brandon opens the Choucair academy page], Brandon login [brandon clicks on button that shows us the form to login, brandon enters '1004809627' into where do we write the use, brandon enters 'Choucair2022*' into where do write the password, brandon clicks on button to confirm login]], When he search for the course Recursos Automatizacion Bancolombia on the choucair academy platform [Brandon search [brandon clicks on access button courses and certifications]]
[Test worker] WARN net.thucydides.core.steps.BaseStepListener - stepStarted: net.thucydides.core.steps.ExecutedStepDescription@21de60a7
[Test worker] WARN net.thucydides.core.steps.BaseStepListener - stepFinished: current outcome:Search for a automation course:Given than brandon wants to learn automation at the academy Choucair [Brandon open up [brandon opens the Choucair academy page], Brandon login [brandon clicks on button that shows us the form to login, brandon enters '1004809627' into where do we write the use, brandon enters 'Choucair2022*' into where do write the password, brandon clicks on button to confirm login]], When he search for the course Recursos Automatizacion Bancolombia on the choucair academy platform [Brandon search [brandon clicks on access button courses and certifications, brandon enters 'EXAMEN JAVA - Cursos y Certificaciones' into Input search course]]
[Test worker] WARN net.thucydides.core.steps.BaseStepListener - stepStarted: net.thucydides.core.steps.ExecutedStepDescription@fd413fb
[Test worker] WARN net.thucydides.core.steps.BaseStepListener - stepFinished: current outcome:Search for a automation course:Given than brandon wants to learn automation at the academy Choucair [Brandon open up [brandon opens the Choucair academy page], Brandon login [brandon clicks on button that shows us the form to login, brandon enters '1004809627' into where do we write the use, brandon enters 'Choucair2022*' into where do write the password, brandon clicks on button to confirm login]], When he search for the course Recursos Automatizacion Bancolombia on the choucair academy platform [Brandon search [brandon clicks on access button courses and certifications, brandon enters 'EXAMEN JAVA - Cursos y Certificaciones' into Input search course, brandon clicks on Button search]]
[Test worker] WARN net.thucydides.core.steps.BaseStepListener - stepStarted: net.thucydides.core.steps.ExecutedStepDescription@384fda47
[Test worker] WARN net.thucydides.core.steps.BaseStepListener - stepFinished: current outcome:Search for a automation course:Given than brandon wants to learn automation at the academy Choucair [Brandon open up [brandon opens the Choucair academy page], Brandon login [brandon clicks on button that shows us the form to login, brandon enters '1004809627' into where do we write the use, brandon enters 'Choucair2022*' into where do write the password, brandon clicks on button to confirm login]], When he search for the course Recursos Automatizacion Bancolombia on the choucair academy platform [Brandon search [brandon clicks on access button courses and certifications, brandon enters 'EXAMEN JAVA - Cursos y Certificaciones' into Input search course, brandon clicks on Button search, brandon clicks on Course JAVA]]
[Test worker] WARN net.thucydides.core.steps.BaseStepListener - stepFinished: current outcome:Search for a automation course:Given than brandon wants to learn automation at the academy Choucair [Brandon open up [brandon opens the Choucair academy page], Brandon login [brandon clicks on button that shows us the form to login, brandon enters '1004809627' into where do we write the use, brandon enters 'Choucair2022*' into where do write the password, brandon clicks on button to confirm login]], When he search for the course Recursos Automatizacion Bancolombia on the choucair academy platform [Brandon search [brandon clicks on access button courses and certifications, brandon enters 'EXAMEN JAVA - Cursos y Certificaciones' into Input search course, brandon clicks on Button search, brandon clicks on Course JAVA]]
[Test worker] WARN net.thucydides.core.steps.BaseStepListener - stepFinished: current outcome:Search for a automation course:Given than brandon wants to learn automation at the academy Choucair [Brandon open up [brandon opens the Choucair academy page], Brandon login [brandon clicks on button that shows us the form to login, brandon enters '1004809627' into where do we write the use, brandon enters 'Choucair2022*' into where do write the password, brandon clicks on button to confirm login]], When he search for the course Recursos Automatizacion Bancolombia on the choucair academy platform [Brandon search [brandon clicks on access button courses and certifications, brandon enters 'EXAMEN JAVA - Cursos y Certificaciones' into Input search course, brandon clicks on Button search, brandon clicks on Course JAVA]]
[Test worker] WARN net.thucydides.core.steps.BaseStepListener - stepStarted: net.thucydides.core.steps.ExecutedStepDescription@2ac519dc
[Test worker] WARN net.thucydides.core.steps.BaseStepListener - stepStarted: net.thucydides.core.steps.ExecutedStepDescription@4c531172
[Test worker] WARN net.thucydides.core.steps.BaseStepListener - stepFinished: current outcome:Search for a automation course:Given than brandon wants to learn automation at the academy Choucair [Brandon open up [brandon opens the Choucair academy page], Brandon login [brandon clicks on button that shows us the form to login, brandon enters '1004809627' into where do we write the use, brandon enters 'Choucair2022*' into where do write the password, brandon clicks on button to confirm login]], When he search for the course Recursos Automatizacion Bancolombia on the choucair academy platform [Brandon search [brandon clicks on access button courses and certifications, brandon enters 'EXAMEN JAVA - Cursos y Certificaciones' into Input search course, brandon clicks on Button search, brandon clicks on Course JAVA]], Then he finds the course called resources Examen JAVA - Cursos y Certificaciones [Then answer]
[Test worker] WARN net.thucydides.core.steps.BaseStepListener - stepFinished: current outcome:Search for a automation course:Given than brandon wants to learn automation at the academy Choucair [Brandon open up [brandon opens the Choucair academy page], Brandon login [brandon clicks on button that shows us the form to login, brandon enters '1004809627' into where do we write the use, brandon enters 'Choucair2022*' into where do write the password, brandon clicks on button to confirm login]], When he search for the course Recursos Automatizacion Bancolombia on the choucair academy platform [Brandon search [brandon clicks on access button courses and certifications, brandon enters 'EXAMEN JAVA - Cursos y Certificaciones' into Input search course, brandon clicks on Button search, brandon clicks on Course JAVA]], Then he finds the course called resources Examen JAVA - Cursos y Certificaciones [Then answer]
[Test worker] WARN net.thucydides.core.steps.BaseStepListener - testFinished: Search for a automation course:Given than brandon wants to learn automation at the academy Choucair [Brandon open up [brandon opens the Choucair academy page], Brandon login [brandon clicks on button that shows us the form to login, brandon enters '1004809627' into where do we write the use, brandon enters 'Choucair2022*' into where do write the password, brandon clicks on button to confirm login]], When he search for the course Recursos Automatizacion Bancolombia on the choucair academy platform [Brandon search [brandon clicks on access button courses and certifications, brandon enters 'EXAMEN JAVA - Cursos y Certificaciones' into Input search course, brandon clicks on Button search, brandon clicks on Course JAVA]], Then he finds the course called resources Examen JAVA - Cursos y Certificaciones [Then answer]
[Test worker] WARN net.thucydides.core.steps.BaseStepListener - TestOutcomes: [Search for a automation course:Given than brandon wants to learn automation at the academy Choucair [Brandon open up [brandon opens the Choucair academy page], Brandon login [brandon clicks on button that shows us the form to login, brandon enters '1004809627' into where do we write the use, brandon enters 'Choucair2022*' into where do write the password, brandon clicks on button to confirm login]], When he search for the course Recursos Automatizacion Bancolombia on the choucair academy platform [Brandon search [brandon clicks on access button courses and certifications, brandon enters 'EXAMEN JAVA - Cursos y Certificaciones' into Input search course, brandon clicks on Button search, brandon clicks on Course JAVA]], Then he finds the course called resources Examen JAVA - Cursos y Certificaciones [Then answer]]
[Test worker] WARN net.thucydides.core.steps.BaseStepListener - Final testOutcomes: [Search for a automation course:Given than brandon wants to learn automation at the academy Choucair [Brandon open up [brandon opens the Choucair academy page], Brandon login [brandon clicks on button that shows us the form to login, brandon enters '1004809627' into where do we write the use, brandon enters 'Choucair2022*' into where do write the password, brandon clicks on button to confirm login]], When he search for the course Recursos Automatizacion Bancolombia on the choucair academy platform [Brandon search [brandon clicks on access button courses and certifications, brandon enters 'EXAMEN JAVA - Cursos y Certificaciones' into Input search course, brandon clicks on Button search, brandon clicks on Course JAVA]], Then he finds the course called resources Examen JAVA - Cursos y Certificaciones [Then answer]]
[Test worker] INFO net.thucydides.core.steps.ConsoleLoggingListener - 
        __    _____ _____ ____ _____   ____   _    ____  ____  _____ ____  
  _     \ \  |_   _| ____/ ___|_   _| |  _ \ / \  / ___|/ ___|| ____|  _ \ 
 (_)_____| |   | | |  _| \___ \ | |   | |_) / _ \ \___ \\___ \|  _| | | | |
  _|_____| |   | | | |___ ___) || |   |  __/ ___ \ ___) |___) | |___| |_| |
 (_)     | |   |_| |_____|____/ |_|   |_| /_/   \_\____/|____/|_____|____/ 
        /_/                                                                

TEST PASSED: Search for a automation course
----------------------------------------------------------------------------
]]></system-err>
</testsuite>
